<?xml version="1.0" encoding="UTF-8"?>
<!-- Generated by org.testng.reporters.JUnitReportReporter -->
<testsuite skipped="0" hostname="vedprakash" name="com.scripts.MavenActiTime.TestActitime" tests="1" failures="0" timestamp="29 May 2020 22:06:54 GMT" time="2.785" errors="0">
  <testcase name="login" time="2.785" classname="com.scripts.MavenActiTime.TestActitime"/>
</testsuite> <!-- com.scripts.MavenActiTime.TestActitime -->
